Removing miniconda version 22.11.1-1
Loading miniconda version 22.11.1-1
Loading cuda version 11.3.1

Loading  /work/pi_vcpartridge_umass_edu/inat/data/train/geo_prior_train.csv
Number of unique classes 47375
subsampling (up to) 10 per class for the training set
final training set size: 473750
epoch 1
epoch 2
epoch 3
epoch 4
epoch 5
epoch 6
epoch 7
epoch 8
epoch 9
epoch 10

snt
mean_average_precision: 0.6528516411781311
num_eval_species_w_valid_ap: 535
num_eval_species_total: 535
evaluation completed in 1.0 min
